<?xml version="1.0" encoding="UTF-8"?>
<!-- Generated by org.testng.reporters.JUnitReportReporter -->
<testsuite skipped="0" hostname="DESKTOP-IRNL0R9" name="runner.MainRunnerTest" tests="1" failures="0" timestamp="2020-06-21T22:29:46 CEST" time="0.024" errors="0">
  <testcase name="f" time="0.024" classname="runner.MainRunnerTest"/>
  <system-out/>
</testsuite> <!-- runner.MainRunnerTest -->
